<?xml version="1.0" encoding="UTF-8"?>
<testng-results ignored="0" total="1" passed="1" failed="0" skipped="0">
  <reporter-output>
  </reporter-output>
  <suite started-at="2025-11-21T16:31:28 IST" name="Default suite" finished-at="2025-11-21T16:31:46 IST" duration-ms="18624">
    <groups>
    </groups>
    <test started-at="2025-11-21T16:31:28 IST" name="Default test" finished-at="2025-11-21T16:31:46 IST" duration-ms="18624">
      <class name="amazon.GetFirstProductPriceTest">
        <test-method signature="getPrice()[pri:0, instance:amazon.GetFirstProductPriceTest@3c46e67a]" started-at="2025-11-21T16:31:28 IST" name="getPrice" finished-at="2025-11-21T16:31:46 IST" duration-ms="18585" status="PASS">
          <reporter-output>
          </reporter-output>
        </test-method> <!-- getPrice -->
      </class> <!-- amazon.GetFirstProductPriceTest -->
    </test> <!-- Default test -->
  </suite> <!-- Default suite -->
</testng-results>
